c:\users\oana\documents\repos\optimal_triangulation\framework\framework.dir\debug\framework.pdb
c:\users\oana\documents\repos\optimal_triangulation\framework\framework.dir\debug\glew.obj
c:\users\oana\documents\repos\optimal_triangulation\framework\framework.dir\debug\triangle.obj
c:\users\oana\documents\repos\optimal_triangulation\framework\framework.dir\debug\transfer_function.obj
c:\users\oana\documents\repos\optimal_triangulation\framework\framework.dir\debug\plane.obj
c:\users\oana\documents\repos\optimal_triangulation\framework\framework.dir\debug\node.obj
c:\users\oana\documents\repos\optimal_triangulation\framework\framework.dir\debug\line.obj
c:\users\oana\documents\repos\optimal_triangulation\framework\framework.dir\debug\imgui_impl_glfw_gl3.obj
c:\users\oana\documents\repos\optimal_triangulation\framework\framework.dir\debug\imgui.obj
c:\users\oana\documents\repos\optimal_triangulation\framework\framework.dir\debug\glviewer.obj
c:\users\oana\documents\repos\optimal_triangulation\framework\framework.dir\debug\cube.obj
c:\users\oana\documents\repos\optimal_triangulation\framework\framework.dir\debug\circle_remote_10232.obj
c:\users\oana\documents\repos\optimal_triangulation\framework\framework.dir\debug\circle_local_10232.obj
c:\users\oana\documents\repos\optimal_triangulation\framework\framework.dir\debug\circle_base_10232.obj
c:\users\oana\documents\repos\optimal_triangulation\framework\framework.dir\debug\circle_backup_10232.obj
c:\users\oana\documents\repos\optimal_triangulation\framework\framework.dir\debug\circle.obj
c:\users\oana\documents\repos\optimal_triangulation\framework\framework.dir\debug\rectangle.obj
c:\users\oana\documents\repos\optimal_triangulation\framework\framework.dir\debug\quadtree.obj
c:\users\oana\documents\repos\optimal_triangulation\framework\framework.dir\debug\delaunay.obj
c:\users\oana\documents\repos\optimal_triangulation\framework\framework.dir\debug\crackdomain.obj
c:\users\oana\documents\repos\optimal_triangulation\framework\framework.dir\debug\window.obj
c:\users\oana\documents\repos\optimal_triangulation\framework\framework.dir\debug\volume_loader_raw.obj
c:\users\oana\documents\repos\optimal_triangulation\framework\framework.dir\debug\utils.obj
c:\users\oana\documents\repos\optimal_triangulation\framework\cmakefiles\generate.stamp
c:\users\oana\documents\repos\optimal_triangulation\framework\debug\framework.lib
c:\users\oana\documents\repos\optimal_triangulation\framework\framework.dir\debug\gui.obj
c:\users\oana\documents\repos\optimal_triangulation\framework\framework.dir\debug\triangulationmodel.obj
c:\users\oana\documents\repos\optimal_triangulation\framework\debug\framework.pdb
c:\users\oana\documents\repos\optimal_triangulation\framework\framework.dir\debug\framework.tlog\cl.command.1.tlog
c:\users\oana\documents\repos\optimal_triangulation\framework\framework.dir\debug\framework.tlog\cl.read.1.tlog
c:\users\oana\documents\repos\optimal_triangulation\framework\framework.dir\debug\framework.tlog\cl.write.1.tlog
c:\users\oana\documents\repos\optimal_triangulation\framework\framework.dir\debug\framework.tlog\custombuild.command.1.tlog
c:\users\oana\documents\repos\optimal_triangulation\framework\framework.dir\debug\framework.tlog\custombuild.read.1.tlog
c:\users\oana\documents\repos\optimal_triangulation\framework\framework.dir\debug\framework.tlog\custombuild.write.1.tlog
c:\users\oana\documents\repos\optimal_triangulation\framework\framework.dir\debug\framework.tlog\lib-link.read.1.tlog
c:\users\oana\documents\repos\optimal_triangulation\framework\framework.dir\debug\framework.tlog\lib-link.write.1.tlog
c:\users\oana\documents\repos\optimal_triangulation\framework\framework.dir\debug\framework.tlog\lib.command.1.tlog
